<?xml version="1.0" encoding="UTF-8"?>
<testng-results ignored="0" total="2" passed="2" failed="0" skipped="0">
  <reporter-output>
  </reporter-output>
  <suite started-at="2024-12-03T15:57:59 IST" name="Suite" finished-at="2024-12-03T16:01:41 IST" duration-ms="221287">
    <groups>
      <group name="regression">
        <method signature="TC_002LoginTest.verifyLoginTest()[pri:0, instance:testCases.TC_002LoginTest@576f63f6]" name="verifyLoginTest" class="testCases.TC_002LoginTest"/>
      </group> <!-- regression -->
      <group name="sanity">
        <method signature="TC_001AccountRegistrationTest.verifyAccoutRegistration()[pri:0, instance:testCases.TC_001AccountRegistrationTest@57abad67]" name="verifyAccoutRegistration" class="testCases.TC_001AccountRegistrationTest"/>
      </group> <!-- sanity -->
      <group name="master">
        <method signature="TC_001AccountRegistrationTest.verifyAccoutRegistration()[pri:0, instance:testCases.TC_001AccountRegistrationTest@57abad67]" name="verifyAccoutRegistration" class="testCases.TC_001AccountRegistrationTest"/>
        <method signature="TC_002LoginTest.verifyLoginTest()[pri:0, instance:testCases.TC_002LoginTest@576f63f6]" name="verifyLoginTest" class="testCases.TC_002LoginTest"/>
      </group> <!-- master -->
    </groups>
    <test started-at="2024-12-03T15:57:59 IST" name="Test" finished-at="2024-12-03T16:01:41 IST" duration-ms="221287">
      <class name="testCases.TC_001AccountRegistrationTest">
        <test-method is-config="true" signature="setup(java.lang.String,java.lang.String)[pri:0, instance:testCases.TC_001AccountRegistrationTest@57abad67]" started-at="2024-12-03T15:58:07 IST" name="setup" finished-at="2024-12-03T15:59:57 IST" duration-ms="109913" status="PASS">
          <params>
            <param index="0">
              <value>
                <![CDATA[windows]]>
              </value>
            </param>
            <param index="1">
              <value>
                <![CDATA[chrome]]>
              </value>
            </param>
          </params>
          <reporter-output>
          </reporter-output>
        </test-method> <!-- setup -->
        <test-method signature="verifyAccoutRegistration()[pri:0, instance:testCases.TC_001AccountRegistrationTest@57abad67]" started-at="2024-12-03T15:59:57 IST" name="verifyAccoutRegistration" finished-at="2024-12-03T16:00:18 IST" duration-ms="20255" status="PASS">
          <reporter-output>
          </reporter-output>
        </test-method> <!-- verifyAccoutRegistration -->
        <test-method is-config="true" signature="tearDown()[pri:0, instance:testCases.TC_001AccountRegistrationTest@57abad67]" started-at="2024-12-03T16:00:18 IST" name="tearDown" finished-at="2024-12-03T16:00:24 IST" duration-ms="5925" status="PASS">
          <reporter-output>
          </reporter-output>
        </test-method> <!-- tearDown -->
      </class> <!-- testCases.TC_001AccountRegistrationTest -->
      <class name="testCases.TC_002LoginTest">
        <test-method is-config="true" signature="setup(java.lang.String,java.lang.String)[pri:0, instance:testCases.TC_002LoginTest@576f63f6]" started-at="2024-12-03T16:00:24 IST" name="setup" finished-at="2024-12-03T16:01:08 IST" duration-ms="44381" status="PASS">
          <params>
            <param index="0">
              <value>
                <![CDATA[windows]]>
              </value>
            </param>
            <param index="1">
              <value>
                <![CDATA[chrome]]>
              </value>
            </param>
          </params>
          <reporter-output>
          </reporter-output>
        </test-method> <!-- setup -->
        <test-method signature="verifyLoginTest()[pri:0, instance:testCases.TC_002LoginTest@576f63f6]" started-at="2024-12-03T16:01:08 IST" name="verifyLoginTest" finished-at="2024-12-03T16:01:30 IST" duration-ms="22058" status="PASS">
          <reporter-output>
          </reporter-output>
        </test-method> <!-- verifyLoginTest -->
        <test-method is-config="true" signature="tearDown()[pri:0, instance:testCases.TC_002LoginTest@576f63f6]" started-at="2024-12-03T16:01:30 IST" name="tearDown" finished-at="2024-12-03T16:01:41 IST" duration-ms="10180" status="PASS">
          <reporter-output>
          </reporter-output>
        </test-method> <!-- tearDown -->
      </class> <!-- testCases.TC_002LoginTest -->
    </test> <!-- Test -->
  </suite> <!-- Suite -->
</testng-results>
